running egg_info
creating ../../build/pub_sub_demo/pub_sub_demo.egg-info
writing ../../build/pub_sub_demo/pub_sub_demo.egg-info/PKG-INFO
writing dependency_links to ../../build/pub_sub_demo/pub_sub_demo.egg-info/dependency_links.txt
writing entry points to ../../build/pub_sub_demo/pub_sub_demo.egg-info/entry_points.txt
writing requirements to ../../build/pub_sub_demo/pub_sub_demo.egg-info/requires.txt
writing top-level names to ../../build/pub_sub_demo/pub_sub_demo.egg-info/top_level.txt
writing manifest file '../../build/pub_sub_demo/pub_sub_demo.egg-info/SOURCES.txt'
reading manifest file '../../build/pub_sub_demo/pub_sub_demo.egg-info/SOURCES.txt'
writing manifest file '../../build/pub_sub_demo/pub_sub_demo.egg-info/SOURCES.txt'
running build
running build_py
creating /home/colin/Desktop/REPOS/ROB-ROS2/build/pub_sub_demo/build
creating /home/colin/Desktop/REPOS/ROB-ROS2/build/pub_sub_demo/build/lib
creating /home/colin/Desktop/REPOS/ROB-ROS2/build/pub_sub_demo/build/lib/pub_sub_demo
copying pub_sub_demo/listener.py -> /home/colin/Desktop/REPOS/ROB-ROS2/build/pub_sub_demo/build/lib/pub_sub_demo
copying pub_sub_demo/__init__.py -> /home/colin/Desktop/REPOS/ROB-ROS2/build/pub_sub_demo/build/lib/pub_sub_demo
copying pub_sub_demo/talker.py -> /home/colin/Desktop/REPOS/ROB-ROS2/build/pub_sub_demo/build/lib/pub_sub_demo
running install
running install_lib
creating /home/colin/Desktop/REPOS/ROB-ROS2/install/pub_sub_demo/lib/python3.12/site-packages/pub_sub_demo
copying /home/colin/Desktop/REPOS/ROB-ROS2/build/pub_sub_demo/build/lib/pub_sub_demo/listener.py -> /home/colin/Desktop/REPOS/ROB-ROS2/install/pub_sub_demo/lib/python3.12/site-packages/pub_sub_demo
copying /home/colin/Desktop/REPOS/ROB-ROS2/build/pub_sub_demo/build/lib/pub_sub_demo/__init__.py -> /home/colin/Desktop/REPOS/ROB-ROS2/install/pub_sub_demo/lib/python3.12/site-packages/pub_sub_demo
copying /home/colin/Desktop/REPOS/ROB-ROS2/build/pub_sub_demo/build/lib/pub_sub_demo/talker.py -> /home/colin/Desktop/REPOS/ROB-ROS2/install/pub_sub_demo/lib/python3.12/site-packages/pub_sub_demo
byte-compiling /home/colin/Desktop/REPOS/ROB-ROS2/install/pub_sub_demo/lib/python3.12/site-packages/pub_sub_demo/listener.py to listener.cpython-312.pyc
byte-compiling /home/colin/Desktop/REPOS/ROB-ROS2/install/pub_sub_demo/lib/python3.12/site-packages/pub_sub_demo/__init__.py to __init__.cpython-312.pyc
byte-compiling /home/colin/Desktop/REPOS/ROB-ROS2/install/pub_sub_demo/lib/python3.12/site-packages/pub_sub_demo/talker.py to talker.cpython-312.pyc
running install_data
creating /home/colin/Desktop/REPOS/ROB-ROS2/install/pub_sub_demo/share/ament_index
creating /home/colin/Desktop/REPOS/ROB-ROS2/install/pub_sub_demo/share/ament_index/resource_index
creating /home/colin/Desktop/REPOS/ROB-ROS2/install/pub_sub_demo/share/ament_index/resource_index/packages
copying resource/pub_sub_demo -> /home/colin/Desktop/REPOS/ROB-ROS2/install/pub_sub_demo/share/ament_index/resource_index/packages
copying package.xml -> /home/colin/Desktop/REPOS/ROB-ROS2/install/pub_sub_demo/share/pub_sub_demo
running install_egg_info
Copying ../../build/pub_sub_demo/pub_sub_demo.egg-info to /home/colin/Desktop/REPOS/ROB-ROS2/install/pub_sub_demo/lib/python3.12/site-packages/pub_sub_demo-0.0.0-py3.12.egg-info
running install_scripts
Installing listener script to /home/colin/Desktop/REPOS/ROB-ROS2/install/pub_sub_demo/lib/pub_sub_demo
Installing talker script to /home/colin/Desktop/REPOS/ROB-ROS2/install/pub_sub_demo/lib/pub_sub_demo
writing list of installed files to '/home/colin/Desktop/REPOS/ROB-ROS2/build/pub_sub_demo/install.log'
