[0.512s] Invoking command in '/home/colin/Desktop/REPOS/ROB-ROS2/src/pub_sub_demo': DEBUGINFOD_URLS=https://debuginfod.ubuntu.com PYTHONPATH=/home/colin/Desktop/REPOS/ROB-ROS2/build/pub_sub_demo/prefix_override:/home/colin/Desktop/REPOS/ROB-ROS2/install/pub_sub_demo/lib/python3.12/site-packages:${PYTHONPATH} /usr/bin/python3 -W ignore:setup.py install is deprecated setup.py egg_info --egg-base ../../build/pub_sub_demo build --build-base /home/colin/Desktop/REPOS/ROB-ROS2/build/pub_sub_demo/build install --record /home/colin/Desktop/REPOS/ROB-ROS2/build/pub_sub_demo/install.log --single-version-externally-managed install_data
[0.668s] running egg_info
[0.669s] creating ../../build/pub_sub_demo/pub_sub_demo.egg-info
[0.679s] writing ../../build/pub_sub_demo/pub_sub_demo.egg-info/PKG-INFO
[0.679s] writing dependency_links to ../../build/pub_sub_demo/pub_sub_demo.egg-info/dependency_links.txt
[0.679s] writing entry points to ../../build/pub_sub_demo/pub_sub_demo.egg-info/entry_points.txt
[0.679s] writing requirements to ../../build/pub_sub_demo/pub_sub_demo.egg-info/requires.txt
[0.679s] writing top-level names to ../../build/pub_sub_demo/pub_sub_demo.egg-info/top_level.txt
[0.679s] writing manifest file '../../build/pub_sub_demo/pub_sub_demo.egg-info/SOURCES.txt'
[0.701s] reading manifest file '../../build/pub_sub_demo/pub_sub_demo.egg-info/SOURCES.txt'
[0.701s] writing manifest file '../../build/pub_sub_demo/pub_sub_demo.egg-info/SOURCES.txt'
[0.701s] running build
[0.701s] running build_py
[0.701s] creating /home/colin/Desktop/REPOS/ROB-ROS2/build/pub_sub_demo/build
[0.701s] creating /home/colin/Desktop/REPOS/ROB-ROS2/build/pub_sub_demo/build/lib
[0.701s] creating /home/colin/Desktop/REPOS/ROB-ROS2/build/pub_sub_demo/build/lib/pub_sub_demo
[0.701s] copying pub_sub_demo/listener.py -> /home/colin/Desktop/REPOS/ROB-ROS2/build/pub_sub_demo/build/lib/pub_sub_demo
[0.701s] copying pub_sub_demo/__init__.py -> /home/colin/Desktop/REPOS/ROB-ROS2/build/pub_sub_demo/build/lib/pub_sub_demo
[0.701s] copying pub_sub_demo/talker.py -> /home/colin/Desktop/REPOS/ROB-ROS2/build/pub_sub_demo/build/lib/pub_sub_demo
[0.702s] running install
[0.705s] running install_lib
[0.717s] creating /home/colin/Desktop/REPOS/ROB-ROS2/install/pub_sub_demo/lib/python3.12/site-packages/pub_sub_demo
[0.717s] copying /home/colin/Desktop/REPOS/ROB-ROS2/build/pub_sub_demo/build/lib/pub_sub_demo/listener.py -> /home/colin/Desktop/REPOS/ROB-ROS2/install/pub_sub_demo/lib/python3.12/site-packages/pub_sub_demo
[0.717s] copying /home/colin/Desktop/REPOS/ROB-ROS2/build/pub_sub_demo/build/lib/pub_sub_demo/__init__.py -> /home/colin/Desktop/REPOS/ROB-ROS2/install/pub_sub_demo/lib/python3.12/site-packages/pub_sub_demo
[0.717s] copying /home/colin/Desktop/REPOS/ROB-ROS2/build/pub_sub_demo/build/lib/pub_sub_demo/talker.py -> /home/colin/Desktop/REPOS/ROB-ROS2/install/pub_sub_demo/lib/python3.12/site-packages/pub_sub_demo
[0.717s] byte-compiling /home/colin/Desktop/REPOS/ROB-ROS2/install/pub_sub_demo/lib/python3.12/site-packages/pub_sub_demo/listener.py to listener.cpython-312.pyc
[0.717s] byte-compiling /home/colin/Desktop/REPOS/ROB-ROS2/install/pub_sub_demo/lib/python3.12/site-packages/pub_sub_demo/__init__.py to __init__.cpython-312.pyc
[0.717s] byte-compiling /home/colin/Desktop/REPOS/ROB-ROS2/install/pub_sub_demo/lib/python3.12/site-packages/pub_sub_demo/talker.py to talker.cpython-312.pyc
[0.718s] running install_data
[0.718s] creating /home/colin/Desktop/REPOS/ROB-ROS2/install/pub_sub_demo/share/ament_index
[0.718s] creating /home/colin/Desktop/REPOS/ROB-ROS2/install/pub_sub_demo/share/ament_index/resource_index
[0.718s] creating /home/colin/Desktop/REPOS/ROB-ROS2/install/pub_sub_demo/share/ament_index/resource_index/packages
[0.718s] copying resource/pub_sub_demo -> /home/colin/Desktop/REPOS/ROB-ROS2/install/pub_sub_demo/share/ament_index/resource_index/packages
[0.718s] copying package.xml -> /home/colin/Desktop/REPOS/ROB-ROS2/install/pub_sub_demo/share/pub_sub_demo
[0.718s] running install_egg_info
[0.731s] Copying ../../build/pub_sub_demo/pub_sub_demo.egg-info to /home/colin/Desktop/REPOS/ROB-ROS2/install/pub_sub_demo/lib/python3.12/site-packages/pub_sub_demo-0.0.0-py3.12.egg-info
[0.731s] running install_scripts
[0.801s] Installing listener script to /home/colin/Desktop/REPOS/ROB-ROS2/install/pub_sub_demo/lib/pub_sub_demo
[0.801s] Installing talker script to /home/colin/Desktop/REPOS/ROB-ROS2/install/pub_sub_demo/lib/pub_sub_demo
[0.802s] writing list of installed files to '/home/colin/Desktop/REPOS/ROB-ROS2/build/pub_sub_demo/install.log'
[0.819s] Invoked command in '/home/colin/Desktop/REPOS/ROB-ROS2/src/pub_sub_demo' returned '0': DEBUGINFOD_URLS=https://debuginfod.ubuntu.com PYTHONPATH=/home/colin/Desktop/REPOS/ROB-ROS2/build/pub_sub_demo/prefix_override:/home/colin/Desktop/REPOS/ROB-ROS2/install/pub_sub_demo/lib/python3.12/site-packages:${PYTHONPATH} /usr/bin/python3 -W ignore:setup.py install is deprecated setup.py egg_info --egg-base ../../build/pub_sub_demo build --build-base /home/colin/Desktop/REPOS/ROB-ROS2/build/pub_sub_demo/build install --record /home/colin/Desktop/REPOS/ROB-ROS2/build/pub_sub_demo/install.log --single-version-externally-managed install_data
